{"/Users/zhangtengjin/Desktop/repo/dt-react-component/src/components/breadcrumb/index.tsx": {"path":"/Users/zhangtengjin/Desktop/repo/dt-react-component/src/components/breadcrumb/index.tsx","statementMap":{"0":{"start":{"line":5,"column":23},"end":{"line":5,"column":38}},"1":{"start":{"line":17,"column":35},"end":{"line":17,"column":40}},"2":{"start":{"line":18,"column":16},"end":{"line":18,"column":33}},"3":{"start":{"line":19,"column":4},"end":{"line":33,"column":6}},"4":{"start":{"line":23,"column":20},"end":{"line":29,"column":37}}},"fnMap":{"0":{"name":"BreadcrumbRender","decl":{"start":{"line":16,"column":24},"end":{"line":16,"column":40}},"loc":{"start":{"line":16,"column":57},"end":{"line":34,"column":1}},"line":16},"1":{"name":"(anonymous_1)","decl":{"start":{"line":22,"column":28},"end":{"line":22,"column":29}},"loc":{"start":{"line":23,"column":20},"end":{"line":29,"column":37}},"line":23}},"branchMap":{"0":{"loc":{"start":{"line":17,"column":20},"end":{"line":17,"column":30}},"type":"default-arg","locations":[{"start":{"line":17,"column":28},"end":{"line":17,"column":30}}],"line":17},"1":{"loc":{"start":{"line":24,"column":25},"end":{"line":28,"column":25}},"type":"cond-expr","locations":[{"start":{"line":25,"column":28},"end":{"line":25,"column":37}},{"start":{"line":27,"column":28},"end":{"line":27,"column":101}}],"line":24}},"s":{"0":1,"1":4,"2":4,"3":4,"4":8},"f":{"0":4,"1":8},"b":{"0":[0],"1":[4,4]},"_coverageSchema":"43e27e138ebf9cfc5966b082cf9a028302ed4184","hash":"f19ce90c8fe5de571f3a8ed1aa345aef1ecd4a2b"}
,"/Users/zhangtengjin/Desktop/repo/dt-react-component/src/components/circle/index.tsx": {"path":"/Users/zhangtengjin/Desktop/repo/dt-react-component/src/components/circle/index.tsx","statementMap":{"0":{"start":{"line":4,"column":21},"end":{"line":4,"column":61}},"1":{"start":{"line":4,"column":57},"end":{"line":4,"column":61}},"2":{"start":{"line":5,"column":19},"end":{"line":6,"column":45}},"3":{"start":{"line":17,"column":32},"end":{"line":17,"column":37}},"4":{"start":{"line":18,"column":22},"end":{"line":18,"column":34}},"5":{"start":{"line":19,"column":20},"end":{"line":21,"column":6}},"6":{"start":{"line":22,"column":25},"end":{"line":22,"column":30}},"7":{"start":{"line":23,"column":4},"end":{"line":30,"column":5}}},"fnMap":{"0":{"name":"(anonymous_0)","decl":{"start":{"line":4,"column":21},"end":{"line":4,"column":22}},"loc":{"start":{"line":4,"column":57},"end":{"line":4,"column":61}},"line":4},"1":{"name":"Circle","decl":{"start":{"line":16,"column":24},"end":{"line":16,"column":30}},"loc":{"start":{"line":16,"column":52},"end":{"line":31,"column":1}},"line":16}},"branchMap":{"0":{"loc":{"start":{"line":28,"column":13},"end":{"line":28,"column":33}},"type":"binary-expr","locations":[{"start":{"line":28,"column":13},"end":{"line":28,"column":27}},{"start":{"line":28,"column":31},"end":{"line":28,"column":33}}],"line":28}},"s":{"0":1,"1":1,"2":1,"3":4,"4":4,"5":4,"6":4,"7":4},"f":{"0":1,"1":4},"b":{"0":[4,4]},"_coverageSchema":"43e27e138ebf9cfc5966b082cf9a028302ed4184","hash":"d738a2e52a0e366e5eb6724e228bc23f5e2ff935"}
,"/Users/zhangtengjin/Desktop/repo/dt-react-component/src/components/editCell/index.tsx": {"path":"/Users/zhangtengjin/Desktop/repo/dt-react-component/src/components/editCell/index.tsx","statementMap":{"0":{"start":{"line":18,"column":28},"end":{"line":21,"column":5}},"1":{"start":{"line":24,"column":26},"end":{"line":24,"column":36}},"2":{"start":{"line":25,"column":8},"end":{"line":25,"column":43}},"3":{"start":{"line":28,"column":13},"end":{"line":28,"column":50}},"4":{"start":{"line":28,"column":19},"end":{"line":28,"column":50}},"5":{"start":{"line":30,"column":19},"end":{"line":35,"column":5}},"6":{"start":{"line":31,"column":22},"end":{"line":31,"column":36}},"7":{"start":{"line":32,"column":8},"end":{"line":34,"column":11}},"8":{"start":{"line":37,"column":15},"end":{"line":42,"column":5}},"9":{"start":{"line":38,"column":30},"end":{"line":38,"column":40}},"10":{"start":{"line":39,"column":29},"end":{"line":39,"column":39}},"11":{"start":{"line":40,"column":8},"end":{"line":40,"column":53}},"12":{"start":{"line":41,"column":8},"end":{"line":41,"column":28}},"13":{"start":{"line":44,"column":19},"end":{"line":44,"column":57}},"14":{"start":{"line":44,"column":25},"end":{"line":44,"column":57}},"15":{"start":{"line":47,"column":38},"end":{"line":47,"column":48}},"16":{"start":{"line":48,"column":27},"end":{"line":48,"column":37}},"17":{"start":{"line":49,"column":8},"end":{"line":70,"column":10}}},"fnMap":{"0":{"name":"(anonymous_0)","decl":{"start":{"line":23,"column":4},"end":{"line":23,"column":5}},"loc":{"start":{"line":23,"column":25},"end":{"line":26,"column":5}},"line":23},"1":{"name":"(anonymous_1)","decl":{"start":{"line":28,"column":13},"end":{"line":28,"column":14}},"loc":{"start":{"line":28,"column":19},"end":{"line":28,"column":50}},"line":28},"2":{"name":"(anonymous_2)","decl":{"start":{"line":30,"column":19},"end":{"line":30,"column":20}},"loc":{"start":{"line":30,"column":63},"end":{"line":35,"column":5}},"line":30},"3":{"name":"(anonymous_3)","decl":{"start":{"line":37,"column":15},"end":{"line":37,"column":16}},"loc":{"start":{"line":37,"column":21},"end":{"line":42,"column":5}},"line":37},"4":{"name":"(anonymous_4)","decl":{"start":{"line":44,"column":19},"end":{"line":44,"column":20}},"loc":{"start":{"line":44,"column":25},"end":{"line":44,"column":57}},"line":44},"5":{"name":"(anonymous_5)","decl":{"start":{"line":46,"column":4},"end":{"line":46,"column":5}},"loc":{"start":{"line":46,"column":14},"end":{"line":71,"column":5}},"line":46}},"branchMap":{"0":{"loc":{"start":{"line":33,"column":23},"end":{"line":33,"column":54}},"type":"cond-expr","locations":[{"start":{"line":33,"column":31},"end":{"line":33,"column":49}},{"start":{"line":33,"column":52},"end":{"line":33,"column":54}}],"line":33},"1":{"loc":{"start":{"line":51,"column":17},"end":{"line":68,"column":17}},"type":"cond-expr","locations":[{"start":{"line":52,"column":20},"end":{"line":60,"column":26}},{"start":{"line":62,"column":20},"end":{"line":67,"column":23}}],"line":51},"2":{"loc":{"start":{"line":65,"column":28},"end":{"line":65,"column":70}},"type":"binary-expr","locations":[{"start":{"line":65,"column":28},"end":{"line":65,"column":35}},{"start":{"line":65,"column":39},"end":{"line":65,"column":70}}],"line":65}},"s":{"0":3,"1":3,"2":3,"3":3,"4":2,"5":3,"6":0,"7":0,"8":3,"9":1,"10":1,"11":1,"12":1,"13":3,"14":1,"15":9,"16":9,"17":9},"f":{"0":3,"1":2,"2":0,"3":1,"4":1,"5":9},"b":{"0":[0,0],"1":[2,7],"2":[7,7]},"_coverageSchema":"43e27e138ebf9cfc5966b082cf9a028302ed4184","hash":"f2eb9c84536df2966e92a0fdf0f33a1dcb0a0bda"}
,"/Users/zhangtengjin/Desktop/repo/dt-react-component/src/components/editInput/index.tsx": {"path":"/Users/zhangtengjin/Desktop/repo/dt-react-component/src/components/editInput/index.tsx","statementMap":{"0":{"start":{"line":15,"column":8},"end":{"line":15,"column":21}},"1":{"start":{"line":16,"column":8},"end":{"line":18,"column":9}},"2":{"start":{"line":21,"column":8},"end":{"line":23,"column":10}},"3":{"start":{"line":26,"column":26},"end":{"line":26,"column":36}},"4":{"start":{"line":27,"column":8},"end":{"line":31,"column":9}},"5":{"start":{"line":28,"column":12},"end":{"line":30,"column":14}},"6":{"start":{"line":33,"column":20},"end":{"line":35,"column":5}},"7":{"start":{"line":34,"column":8},"end":{"line":34,"column":30}},"8":{"start":{"line":36,"column":20},"end":{"line":46,"column":5}},"9":{"start":{"line":37,"column":20},"end":{"line":37,"column":34}},"10":{"start":{"line":38,"column":24},"end":{"line":38,"column":34}},"11":{"start":{"line":39,"column":8},"end":{"line":45,"column":9}},"12":{"start":{"line":40,"column":12},"end":{"line":40,"column":46}},"13":{"start":{"line":42,"column":12},"end":{"line":44,"column":14}},"14":{"start":{"line":48,"column":26},"end":{"line":48,"column":36}},"15":{"start":{"line":49,"column":8},"end":{"line":51,"column":9}}},"fnMap":{"0":{"name":"(anonymous_0)","decl":{"start":{"line":14,"column":4},"end":{"line":14,"column":5}},"loc":{"start":{"line":14,"column":39},"end":{"line":19,"column":5}},"line":14},"1":{"name":"(anonymous_1)","decl":{"start":{"line":20,"column":4},"end":{"line":20,"column":5}},"loc":{"start":{"line":20,"column":25},"end":{"line":24,"column":5}},"line":20},"2":{"name":"(anonymous_2)","decl":{"start":{"line":25,"column":4},"end":{"line":25,"column":5}},"loc":{"start":{"line":25,"column":49},"end":{"line":32,"column":5}},"line":25},"3":{"name":"(anonymous_3)","decl":{"start":{"line":33,"column":20},"end":{"line":33,"column":21}},"loc":{"start":{"line":33,"column":64},"end":{"line":35,"column":5}},"line":33},"4":{"name":"(anonymous_4)","decl":{"start":{"line":36,"column":20},"end":{"line":36,"column":21}},"loc":{"start":{"line":36,"column":64},"end":{"line":46,"column":5}},"line":36},"5":{"name":"(anonymous_5)","decl":{"start":{"line":47,"column":4},"end":{"line":47,"column":5}},"loc":{"start":{"line":47,"column":14},"end":{"line":52,"column":5}},"line":47}},"branchMap":{"0":{"loc":{"start":{"line":27,"column":8},"end":{"line":31,"column":9}},"type":"if","locations":[{"start":{"line":27,"column":8},"end":{"line":31,"column":9}},{"start":{"line":27,"column":8},"end":{"line":31,"column":9}}],"line":27},"1":{"loc":{"start":{"line":39,"column":8},"end":{"line":45,"column":9}},"type":"if","locations":[{"start":{"line":39,"column":8},"end":{"line":45,"column":9}},{"start":{"line":39,"column":8},"end":{"line":45,"column":9}}],"line":39},"2":{"loc":{"start":{"line":39,"column":12},"end":{"line":39,"column":46}},"type":"binary-expr","locations":[{"start":{"line":39,"column":12},"end":{"line":39,"column":17}},{"start":{"line":39,"column":21},"end":{"line":39,"column":24}},{"start":{"line":39,"column":28},"end":{"line":39,"column":46}}],"line":39}},"s":{"0":3,"1":3,"2":3,"3":4,"4":4,"5":0,"6":3,"7":1,"8":3,"9":2,"10":2,"11":2,"12":1,"13":1,"14":7,"15":7},"f":{"0":3,"1":3,"2":4,"3":1,"4":2,"5":7},"b":{"0":[0,4],"1":[1,1],"2":[2,2,2]},"_coverageSchema":"43e27e138ebf9cfc5966b082cf9a028302ed4184","hash":"24d88c275b8852f62d85f8720c6428cb12f710af"}
,"/Users/zhangtengjin/Desktop/repo/dt-react-component/src/components/ellipsisText/index.tsx": {"path":"/Users/zhangtengjin/Desktop/repo/dt-react-component/src/components/ellipsisText/index.tsx","statementMap":{"0":{"start":{"line":13,"column":76},"end":{"line":13,"column":81}},"1":{"start":{"line":14,"column":4},"end":{"line":20,"column":5}}},"fnMap":{"0":{"name":"(anonymous_0)","decl":{"start":{"line":12,"column":15},"end":{"line":12,"column":16}},"loc":{"start":{"line":12,"column":34},"end":{"line":21,"column":1}},"line":12}},"branchMap":{"0":{"loc":{"start":{"line":13,"column":10},"end":{"line":13,"column":20}},"type":"default-arg","locations":[{"start":{"line":13,"column":18},"end":{"line":13,"column":20}}],"line":13},"1":{"loc":{"start":{"line":13,"column":22},"end":{"line":13,"column":36}},"type":"default-arg","locations":[{"start":{"line":13,"column":34},"end":{"line":13,"column":36}}],"line":13},"2":{"loc":{"start":{"line":13,"column":38},"end":{"line":13,"column":48}},"type":"default-arg","locations":[{"start":{"line":13,"column":46},"end":{"line":13,"column":48}}],"line":13},"3":{"loc":{"start":{"line":13,"column":50},"end":{"line":13,"column":71}},"type":"default-arg","locations":[{"start":{"line":13,"column":62},"end":{"line":13,"column":71}}],"line":13},"4":{"loc":{"start":{"line":16,"column":57},"end":{"line":16,"column":132}},"type":"cond-expr","locations":[{"start":{"line":16,"column":78},"end":{"line":16,"column":97}},{"start":{"line":16,"column":100},"end":{"line":16,"column":132}}],"line":16}},"s":{"0":8,"1":8},"f":{"0":8},"b":{"0":[0],"1":[7],"2":[7],"3":[7],"4":[7,1]},"_coverageSchema":"43e27e138ebf9cfc5966b082cf9a028302ed4184","hash":"37b9802b71745dd86941572cf1a28b789286900d"}
,"/Users/zhangtengjin/Desktop/repo/dt-react-component/src/components/errorBoundary/index.tsx": {"path":"/Users/zhangtengjin/Desktop/repo/dt-react-component/src/components/errorBoundary/index.tsx","statementMap":{"0":{"start":{"line":12,"column":12},"end":{"line":12,"column":31}},"1":{"start":{"line":16,"column":8},"end":{"line":16,"column":34}},"2":{"start":{"line":20,"column":8},"end":{"line":20,"column":42}},"3":{"start":{"line":21,"column":8},"end":{"line":21,"column":27}},"4":{"start":{"line":22,"column":8},"end":{"line":22,"column":31}},"5":{"start":{"line":26,"column":8},"end":{"line":28,"column":9}},"6":{"start":{"line":27,"column":12},"end":{"line":27,"column":33}},"7":{"start":{"line":29,"column":8},"end":{"line":29,"column":35}}},"fnMap":{"0":{"name":"(anonymous_0)","decl":{"start":{"line":14,"column":4},"end":{"line":14,"column":5}},"loc":{"start":{"line":14,"column":44},"end":{"line":17,"column":5}},"line":14},"1":{"name":"(anonymous_1)","decl":{"start":{"line":19,"column":4},"end":{"line":19,"column":5}},"loc":{"start":{"line":19,"column":41},"end":{"line":23,"column":5}},"line":19},"2":{"name":"(anonymous_2)","decl":{"start":{"line":25,"column":4},"end":{"line":25,"column":5}},"loc":{"start":{"line":25,"column":14},"end":{"line":30,"column":5}},"line":25}},"branchMap":{"0":{"loc":{"start":{"line":26,"column":8},"end":{"line":28,"column":9}},"type":"if","locations":[{"start":{"line":26,"column":8},"end":{"line":28,"column":9}},{"start":{"line":26,"column":8},"end":{"line":28,"column":9}}],"line":26}},"s":{"0":3,"1":1,"2":1,"3":1,"4":1,"5":5,"6":2,"7":3},"f":{"0":1,"1":1,"2":5},"b":{"0":[2,3]},"_coverageSchema":"43e27e138ebf9cfc5966b082cf9a028302ed4184","hash":"cdf519e579d32842f944af646f12892902aa65f3"}
,"/Users/zhangtengjin/Desktop/repo/dt-react-component/src/components/formComponent/index.tsx": {"path":"/Users/zhangtengjin/Desktop/repo/dt-react-component/src/components/formComponent/index.tsx","statementMap":{"0":{"start":{"line":3,"column":17},"end":{"line":3,"column":26}},"1":{"start":{"line":34,"column":69},"end":{"line":34,"column":73}},"2":{"start":{"line":35,"column":4},"end":{"line":42,"column":5}}},"fnMap":{"0":{"name":"RenderFormItem","decl":{"start":{"line":33,"column":24},"end":{"line":33,"column":38}},"loc":{"start":{"line":33,"column":86},"end":{"line":43,"column":1}},"line":33}},"branchMap":{"0":{"loc":{"start":{"line":34,"column":45},"end":{"line":34,"column":57}},"type":"default-arg","locations":[{"start":{"line":34,"column":55},"end":{"line":34,"column":57}}],"line":34},"1":{"loc":{"start":{"line":39,"column":23},"end":{"line":39,"column":69}},"type":"binary-expr","locations":[{"start":{"line":39,"column":23},"end":{"line":39,"column":28}},{"start":{"line":39,"column":32},"end":{"line":39,"column":69}}],"line":39},"2":{"loc":{"start":{"line":40,"column":15},"end":{"line":40,"column":62}},"type":"binary-expr","locations":[{"start":{"line":40,"column":15},"end":{"line":40,"column":24}},{"start":{"line":40,"column":28},"end":{"line":40,"column":62}}],"line":40}},"s":{"0":1,"1":3,"2":3},"f":{"0":3},"b":{"0":[1],"1":[3,3],"2":[3,1]},"_coverageSchema":"43e27e138ebf9cfc5966b082cf9a028302ed4184","hash":"2673c1694413a450c835731c702c125d054aa861"}
,"/Users/zhangtengjin/Desktop/repo/dt-react-component/src/components/fullscreen/icon.tsx": {"path":"/Users/zhangtengjin/Desktop/repo/dt-react-component/src/components/fullscreen/icon.tsx","statementMap":{"0":{"start":{"line":12,"column":22},"end":{"line":30,"column":5}},"1":{"start":{"line":13,"column":18},"end":{"line":13,"column":20}},"2":{"start":{"line":14,"column":8},"end":{"line":28,"column":9}},"3":{"start":{"line":16,"column":12},"end":{"line":20,"column":13}},"4":{"start":{"line":17,"column":16},"end":{"line":17,"column":1466}},"5":{"start":{"line":19,"column":16},"end":{"line":19,"column":1478}},"6":{"start":{"line":23,"column":12},"end":{"line":27,"column":13}},"7":{"start":{"line":24,"column":16},"end":{"line":24,"column":1466}},"8":{"start":{"line":26,"column":16},"end":{"line":26,"column":1478}},"9":{"start":{"line":29,"column":8},"end":{"line":29,"column":19}},"10":{"start":{"line":32,"column":51},"end":{"line":32,"column":61}},"11":{"start":{"line":33,"column":20},"end":{"line":33,"column":75}},"12":{"start":{"line":34,"column":20},"end":{"line":34,"column":57}},"13":{"start":{"line":35,"column":8},"end":{"line":40,"column":9}}},"fnMap":{"0":{"name":"(anonymous_0)","decl":{"start":{"line":12,"column":22},"end":{"line":12,"column":23}},"loc":{"start":{"line":12,"column":69},"end":{"line":30,"column":5}},"line":12},"1":{"name":"(anonymous_1)","decl":{"start":{"line":31,"column":4},"end":{"line":31,"column":5}},"loc":{"start":{"line":31,"column":14},"end":{"line":41,"column":5}},"line":31}},"branchMap":{"0":{"loc":{"start":{"line":14,"column":8},"end":{"line":28,"column":9}},"type":"if","locations":[{"start":{"line":14,"column":8},"end":{"line":28,"column":9}},{"start":{"line":14,"column":8},"end":{"line":28,"column":9}}],"line":14},"1":{"loc":{"start":{"line":16,"column":12},"end":{"line":20,"column":13}},"type":"if","locations":[{"start":{"line":16,"column":12},"end":{"line":20,"column":13}},{"start":{"line":16,"column":12},"end":{"line":20,"column":13}}],"line":16},"2":{"loc":{"start":{"line":23,"column":12},"end":{"line":27,"column":13}},"type":"if","locations":[{"start":{"line":23,"column":12},"end":{"line":27,"column":13}},{"start":{"line":23,"column":12},"end":{"line":27,"column":13}}],"line":23}},"s":{"0":3,"1":3,"2":3,"3":0,"4":0,"5":0,"6":3,"7":0,"8":3,"9":3,"10":3,"11":3,"12":3,"13":3},"f":{"0":3,"1":3},"b":{"0":[0,3],"1":[0,0],"2":[0,3]},"_coverageSchema":"43e27e138ebf9cfc5966b082cf9a028302ed4184","hash":"7d8087057b46fc4aa855eec9e123cdc88cbcf220"}
,"/Users/zhangtengjin/Desktop/repo/dt-react-component/src/components/fullscreen/index.tsx": {"path":"/Users/zhangtengjin/Desktop/repo/dt-react-component/src/components/fullscreen/index.tsx","statementMap":{"0":{"start":{"line":7,"column":24},"end":{"line":7,"column":40}},"1":{"start":{"line":23,"column":35},"end":{"line":25,"column":5}},"2":{"start":{"line":30,"column":22},"end":{"line":30,"column":41}},"3":{"start":{"line":31,"column":8},"end":{"line":31,"column":36}},"4":{"start":{"line":34,"column":27},"end":{"line":34,"column":37}},"5":{"start":{"line":35,"column":25},"end":{"line":35,"column":56}},"6":{"start":{"line":36,"column":28},"end":{"line":36,"column":53}},"7":{"start":{"line":37,"column":23},"end":{"line":51,"column":9}},"8":{"start":{"line":39,"column":12},"end":{"line":47,"column":13}},"9":{"start":{"line":40,"column":16},"end":{"line":40,"column":50}},"10":{"start":{"line":41,"column":19},"end":{"line":47,"column":13}},"11":{"start":{"line":42,"column":16},"end":{"line":42,"column":52}},"12":{"start":{"line":43,"column":19},"end":{"line":47,"column":13}},"13":{"start":{"line":44,"column":16},"end":{"line":44,"column":53}},"14":{"start":{"line":45,"column":19},"end":{"line":47,"column":13}},"15":{"start":{"line":46,"column":16},"end":{"line":46,"column":56}},"16":{"start":{"line":48,"column":12},"end":{"line":50,"column":40}},"17":{"start":{"line":52,"column":8},"end":{"line":60,"column":9}},"18":{"start":{"line":53,"column":12},"end":{"line":53,"column":49}},"19":{"start":{"line":54,"column":15},"end":{"line":60,"column":9}},"20":{"start":{"line":55,"column":12},"end":{"line":55,"column":51}},"21":{"start":{"line":56,"column":15},"end":{"line":60,"column":9}},"22":{"start":{"line":57,"column":12},"end":{"line":57,"column":52}},"23":{"start":{"line":58,"column":15},"end":{"line":60,"column":9}},"24":{"start":{"line":59,"column":12},"end":{"line":59,"column":55}},"25":{"start":{"line":63,"column":27},"end":{"line":63,"column":37}},"26":{"start":{"line":64,"column":25},"end":{"line":64,"column":56}},"27":{"start":{"line":65,"column":28},"end":{"line":65,"column":53}},"28":{"start":{"line":66,"column":8},"end":{"line":74,"column":9}},"29":{"start":{"line":67,"column":12},"end":{"line":67,"column":47}},"30":{"start":{"line":68,"column":15},"end":{"line":74,"column":9}},"31":{"start":{"line":69,"column":12},"end":{"line":69,"column":49}},"32":{"start":{"line":70,"column":15},"end":{"line":74,"column":9}},"33":{"start":{"line":71,"column":12},"end":{"line":71,"column":50}},"34":{"start":{"line":72,"column":15},"end":{"line":74,"column":9}},"35":{"start":{"line":73,"column":12},"end":{"line":73,"column":53}},"36":{"start":{"line":76,"column":25},"end":{"line":79,"column":5}},"37":{"start":{"line":77,"column":8},"end":{"line":77,"column":29}},"38":{"start":{"line":78,"column":8},"end":{"line":78,"column":26}},"39":{"start":{"line":81,"column":17},"end":{"line":107,"column":5}},"40":{"start":{"line":82,"column":41},"end":{"line":82,"column":51}},"41":{"start":{"line":83,"column":8},"end":{"line":83,"column":67}},"42":{"start":{"line":83,"column":28},"end":{"line":83,"column":65}},"43":{"start":{"line":84,"column":8},"end":{"line":106,"column":9}},"44":{"start":{"line":85,"column":12},"end":{"line":93,"column":13}},"45":{"start":{"line":86,"column":16},"end":{"line":86,"column":42}},"46":{"start":{"line":87,"column":19},"end":{"line":93,"column":13}},"47":{"start":{"line":88,"column":16},"end":{"line":88,"column":45}},"48":{"start":{"line":89,"column":19},"end":{"line":93,"column":13}},"49":{"start":{"line":90,"column":16},"end":{"line":90,"column":48}},"50":{"start":{"line":91,"column":19},"end":{"line":93,"column":13}},"51":{"start":{"line":92,"column":16},"end":{"line":92,"column":44}},"52":{"start":{"line":95,"column":29},"end":{"line":95,"column":60}},"53":{"start":{"line":96,"column":27},"end":{"line":96,"column":52}},"54":{"start":{"line":97,"column":12},"end":{"line":105,"column":13}},"55":{"start":{"line":98,"column":16},"end":{"line":98,"column":43}},"56":{"start":{"line":99,"column":19},"end":{"line":105,"column":13}},"57":{"start":{"line":100,"column":16},"end":{"line":100,"column":45}},"58":{"start":{"line":101,"column":19},"end":{"line":105,"column":13}},"59":{"start":{"line":102,"column":16},"end":{"line":102,"column":46}},"60":{"start":{"line":103,"column":19},"end":{"line":105,"column":13}},"61":{"start":{"line":104,"column":16},"end":{"line":104,"column":49}},"62":{"start":{"line":110,"column":75},"end":{"line":110,"column":85}},"63":{"start":{"line":111,"column":22},"end":{"line":111,"column":61}},"64":{"start":{"line":113,"column":27},"end":{"line":113,"column":76}},"65":{"start":{"line":114,"column":8},"end":{"line":130,"column":9}}},"fnMap":{"0":{"name":"(anonymous_0)","decl":{"start":{"line":29,"column":4},"end":{"line":29,"column":5}},"loc":{"start":{"line":29,"column":26},"end":{"line":32,"column":5}},"line":29},"1":{"name":"(anonymous_1)","decl":{"start":{"line":33,"column":4},"end":{"line":33,"column":5}},"loc":{"start":{"line":33,"column":24},"end":{"line":61,"column":5}},"line":33},"2":{"name":"(anonymous_2)","decl":{"start":{"line":37,"column":23},"end":{"line":37,"column":24}},"loc":{"start":{"line":37,"column":39},"end":{"line":51,"column":9}},"line":37},"3":{"name":"(anonymous_3)","decl":{"start":{"line":62,"column":4},"end":{"line":62,"column":5}},"loc":{"start":{"line":62,"column":27},"end":{"line":75,"column":5}},"line":62},"4":{"name":"(anonymous_4)","decl":{"start":{"line":76,"column":25},"end":{"line":76,"column":26}},"loc":{"start":{"line":76,"column":55},"end":{"line":79,"column":5}},"line":76},"5":{"name":"(anonymous_5)","decl":{"start":{"line":81,"column":17},"end":{"line":81,"column":18}},"loc":{"start":{"line":81,"column":23},"end":{"line":107,"column":5}},"line":81},"6":{"name":"(anonymous_6)","decl":{"start":{"line":109,"column":4},"end":{"line":109,"column":5}},"loc":{"start":{"line":109,"column":13},"end":{"line":131,"column":5}},"line":109}},"branchMap":{"0":{"loc":{"start":{"line":36,"column":28},"end":{"line":36,"column":53}},"type":"binary-expr","locations":[{"start":{"line":36,"column":28},"end":{"line":36,"column":36}},{"start":{"line":36,"column":40},"end":{"line":36,"column":53}}],"line":36},"1":{"loc":{"start":{"line":39,"column":12},"end":{"line":47,"column":13}},"type":"if","locations":[{"start":{"line":39,"column":12},"end":{"line":47,"column":13}},{"start":{"line":39,"column":12},"end":{"line":47,"column":13}}],"line":39},"2":{"loc":{"start":{"line":41,"column":19},"end":{"line":47,"column":13}},"type":"if","locations":[{"start":{"line":41,"column":19},"end":{"line":47,"column":13}},{"start":{"line":41,"column":19},"end":{"line":47,"column":13}}],"line":41},"3":{"loc":{"start":{"line":43,"column":19},"end":{"line":47,"column":13}},"type":"if","locations":[{"start":{"line":43,"column":19},"end":{"line":47,"column":13}},{"start":{"line":43,"column":19},"end":{"line":47,"column":13}}],"line":43},"4":{"loc":{"start":{"line":45,"column":19},"end":{"line":47,"column":13}},"type":"if","locations":[{"start":{"line":45,"column":19},"end":{"line":47,"column":13}},{"start":{"line":45,"column":19},"end":{"line":47,"column":13}}],"line":45},"5":{"loc":{"start":{"line":52,"column":8},"end":{"line":60,"column":9}},"type":"if","locations":[{"start":{"line":52,"column":8},"end":{"line":60,"column":9}},{"start":{"line":52,"column":8},"end":{"line":60,"column":9}}],"line":52},"6":{"loc":{"start":{"line":54,"column":15},"end":{"line":60,"column":9}},"type":"if","locations":[{"start":{"line":54,"column":15},"end":{"line":60,"column":9}},{"start":{"line":54,"column":15},"end":{"line":60,"column":9}}],"line":54},"7":{"loc":{"start":{"line":56,"column":15},"end":{"line":60,"column":9}},"type":"if","locations":[{"start":{"line":56,"column":15},"end":{"line":60,"column":9}},{"start":{"line":56,"column":15},"end":{"line":60,"column":9}}],"line":56},"8":{"loc":{"start":{"line":58,"column":15},"end":{"line":60,"column":9}},"type":"if","locations":[{"start":{"line":58,"column":15},"end":{"line":60,"column":9}},{"start":{"line":58,"column":15},"end":{"line":60,"column":9}}],"line":58},"9":{"loc":{"start":{"line":65,"column":28},"end":{"line":65,"column":53}},"type":"binary-expr","locations":[{"start":{"line":65,"column":28},"end":{"line":65,"column":36}},{"start":{"line":65,"column":40},"end":{"line":65,"column":53}}],"line":65},"10":{"loc":{"start":{"line":66,"column":8},"end":{"line":74,"column":9}},"type":"if","locations":[{"start":{"line":66,"column":8},"end":{"line":74,"column":9}},{"start":{"line":66,"column":8},"end":{"line":74,"column":9}}],"line":66},"11":{"loc":{"start":{"line":68,"column":15},"end":{"line":74,"column":9}},"type":"if","locations":[{"start":{"line":68,"column":15},"end":{"line":74,"column":9}},{"start":{"line":68,"column":15},"end":{"line":74,"column":9}}],"line":68},"12":{"loc":{"start":{"line":70,"column":15},"end":{"line":74,"column":9}},"type":"if","locations":[{"start":{"line":70,"column":15},"end":{"line":74,"column":9}},{"start":{"line":70,"column":15},"end":{"line":74,"column":9}}],"line":70},"13":{"loc":{"start":{"line":72,"column":15},"end":{"line":74,"column":9}},"type":"if","locations":[{"start":{"line":72,"column":15},"end":{"line":74,"column":9}},{"start":{"line":72,"column":15},"end":{"line":74,"column":9}}],"line":72},"14":{"loc":{"start":{"line":83,"column":8},"end":{"line":83,"column":67}},"type":"if","locations":[{"start":{"line":83,"column":8},"end":{"line":83,"column":67}},{"start":{"line":83,"column":8},"end":{"line":83,"column":67}}],"line":83},"15":{"loc":{"start":{"line":84,"column":8},"end":{"line":106,"column":9}},"type":"if","locations":[{"start":{"line":84,"column":8},"end":{"line":106,"column":9}},{"start":{"line":84,"column":8},"end":{"line":106,"column":9}}],"line":84},"16":{"loc":{"start":{"line":85,"column":12},"end":{"line":93,"column":13}},"type":"if","locations":[{"start":{"line":85,"column":12},"end":{"line":93,"column":13}},{"start":{"line":85,"column":12},"end":{"line":93,"column":13}}],"line":85},"17":{"loc":{"start":{"line":87,"column":19},"end":{"line":93,"column":13}},"type":"if","locations":[{"start":{"line":87,"column":19},"end":{"line":93,"column":13}},{"start":{"line":87,"column":19},"end":{"line":93,"column":13}}],"line":87},"18":{"loc":{"start":{"line":89,"column":19},"end":{"line":93,"column":13}},"type":"if","locations":[{"start":{"line":89,"column":19},"end":{"line":93,"column":13}},{"start":{"line":89,"column":19},"end":{"line":93,"column":13}}],"line":89},"19":{"loc":{"start":{"line":91,"column":19},"end":{"line":93,"column":13}},"type":"if","locations":[{"start":{"line":91,"column":19},"end":{"line":93,"column":13}},{"start":{"line":91,"column":19},"end":{"line":93,"column":13}}],"line":91},"20":{"loc":{"start":{"line":96,"column":27},"end":{"line":96,"column":52}},"type":"binary-expr","locations":[{"start":{"line":96,"column":27},"end":{"line":96,"column":35}},{"start":{"line":96,"column":39},"end":{"line":96,"column":52}}],"line":96},"21":{"loc":{"start":{"line":97,"column":12},"end":{"line":105,"column":13}},"type":"if","locations":[{"start":{"line":97,"column":12},"end":{"line":105,"column":13}},{"start":{"line":97,"column":12},"end":{"line":105,"column":13}}],"line":97},"22":{"loc":{"start":{"line":99,"column":19},"end":{"line":105,"column":13}},"type":"if","locations":[{"start":{"line":99,"column":19},"end":{"line":105,"column":13}},{"start":{"line":99,"column":19},"end":{"line":105,"column":13}}],"line":99},"23":{"loc":{"start":{"line":101,"column":19},"end":{"line":105,"column":13}},"type":"if","locations":[{"start":{"line":101,"column":19},"end":{"line":105,"column":13}},{"start":{"line":101,"column":19},"end":{"line":105,"column":13}}],"line":101},"24":{"loc":{"start":{"line":103,"column":19},"end":{"line":105,"column":13}},"type":"if","locations":[{"start":{"line":103,"column":19},"end":{"line":105,"column":13}},{"start":{"line":103,"column":19},"end":{"line":105,"column":13}}],"line":103},"25":{"loc":{"start":{"line":111,"column":22},"end":{"line":111,"column":61}},"type":"cond-expr","locations":[{"start":{"line":111,"column":48},"end":{"line":111,"column":54}},{"start":{"line":111,"column":57},"end":{"line":111,"column":61}}],"line":111},"26":{"loc":{"start":{"line":113,"column":27},"end":{"line":113,"column":76}},"type":"cond-expr","locations":[{"start":{"line":113,"column":53},"end":{"line":113,"column":65}},{"start":{"line":113,"column":68},"end":{"line":113,"column":76}}],"line":113},"27":{"loc":{"start":{"line":120,"column":17},"end":{"line":128,"column":29}},"type":"cond-expr","locations":[{"start":{"line":120,"column":30},"end":{"line":120,"column":92}},{"start":{"line":121,"column":22},"end":{"line":128,"column":29}}],"line":120}},"s":{"0":1,"1":3,"2":0,"3":0,"4":3,"5":3,"6":3,"7":3,"8":0,"9":0,"10":0,"11":0,"12":0,"13":0,"14":0,"15":0,"16":0,"17":3,"18":0,"19":3,"20":0,"21":3,"22":0,"23":3,"24":0,"25":3,"26":3,"27":3,"28":3,"29":0,"30":3,"31":0,"32":3,"33":0,"34":3,"35":0,"36":3,"37":0,"38":0,"39":3,"40":1,"41":1,"42":0,"43":1,"44":0,"45":0,"46":0,"47":0,"48":0,"49":0,"50":0,"51":0,"52":1,"53":1,"54":1,"55":0,"56":1,"57":0,"58":1,"59":0,"60":1,"61":0,"62":3,"63":3,"64":3,"65":3},"f":{"0":0,"1":3,"2":0,"3":3,"4":0,"5":1,"6":3},"b":{"0":[3,3],"1":[0,0],"2":[0,0],"3":[0,0],"4":[0,0],"5":[0,3],"6":[0,3],"7":[0,3],"8":[0,3],"9":[3,3],"10":[0,3],"11":[0,3],"12":[0,3],"13":[0,3],"14":[0,1],"15":[0,1],"16":[0,0],"17":[0,0],"18":[0,0],"19":[0,0],"20":[1,1],"21":[0,1],"22":[0,1],"23":[0,1],"24":[0,1],"25":[0,3],"26":[0,3],"27":[0,3]},"_coverageSchema":"43e27e138ebf9cfc5966b082cf9a028302ed4184","hash":"4e83287349944bdb02adc300d70e814b8e97e15c"}
,"/Users/zhangtengjin/Desktop/repo/dt-react-component/src/components/globalLoading/index.tsx": {"path":"/Users/zhangtengjin/Desktop/repo/dt-react-component/src/components/globalLoading/index.tsx","statementMap":{"0":{"start":{"line":19,"column":12},"end":{"line":19,"column":22}},"1":{"start":{"line":20,"column":8},"end":{"line":37,"column":9}}},"fnMap":{"0":{"name":"(anonymous_0)","decl":{"start":{"line":12,"column":4},"end":{"line":12,"column":5}},"loc":{"start":{"line":12,"column":14},"end":{"line":38,"column":5}},"line":12}},"branchMap":{"0":{"loc":{"start":{"line":14,"column":12},"end":{"line":14,"column":23}},"type":"default-arg","locations":[{"start":{"line":14,"column":21},"end":{"line":14,"column":23}}],"line":14},"1":{"loc":{"start":{"line":15,"column":12},"end":{"line":15,"column":39}},"type":"default-arg","locations":[{"start":{"line":15,"column":27},"end":{"line":15,"column":39}}],"line":15},"2":{"loc":{"start":{"line":16,"column":12},"end":{"line":16,"column":38}},"type":"default-arg","locations":[{"start":{"line":16,"column":29},"end":{"line":16,"column":38}}],"line":16},"3":{"loc":{"start":{"line":17,"column":12},"end":{"line":17,"column":37}},"type":"default-arg","locations":[{"start":{"line":17,"column":31},"end":{"line":17,"column":37}}],"line":17},"4":{"loc":{"start":{"line":18,"column":12},"end":{"line":18,"column":31}},"type":"default-arg","locations":[{"start":{"line":18,"column":25},"end":{"line":18,"column":31}}],"line":18}},"s":{"0":1,"1":1},"f":{"0":1},"b":{"0":[1],"1":[0],"2":[1],"3":[1],"4":[1]},"_coverageSchema":"43e27e138ebf9cfc5966b082cf9a028302ed4184","hash":"ad0ab5d453e39e66dcd0f257a9eff2081efc2647"}
,"/Users/zhangtengjin/Desktop/repo/dt-react-component/src/components/keyEventListener/index.tsx": {"path":"/Users/zhangtengjin/Desktop/repo/dt-react-component/src/components/keyEventListener/index.tsx","statementMap":{"0":{"start":{"line":11,"column":23},"end":{"line":11,"column":34}},"1":{"start":{"line":13,"column":8},"end":{"line":13,"column":58}},"2":{"start":{"line":14,"column":8},"end":{"line":14,"column":56}},"3":{"start":{"line":18,"column":8},"end":{"line":18,"column":61}},"4":{"start":{"line":19,"column":8},"end":{"line":19,"column":59}},"5":{"start":{"line":22,"column":16},"end":{"line":31,"column":5}},"6":{"start":{"line":23,"column":39},"end":{"line":23,"column":49}},"7":{"start":{"line":24,"column":26},"end":{"line":24,"column":51}},"8":{"start":{"line":26,"column":8},"end":{"line":30,"column":9}},"9":{"start":{"line":27,"column":12},"end":{"line":27,"column":29}},"10":{"start":{"line":28,"column":15},"end":{"line":30,"column":9}},"11":{"start":{"line":29,"column":12},"end":{"line":29,"column":27}},"12":{"start":{"line":34,"column":8},"end":{"line":34,"column":35}}},"fnMap":{"0":{"name":"(anonymous_0)","decl":{"start":{"line":12,"column":4},"end":{"line":12,"column":5}},"loc":{"start":{"line":12,"column":25},"end":{"line":15,"column":5}},"line":12},"1":{"name":"(anonymous_1)","decl":{"start":{"line":17,"column":4},"end":{"line":17,"column":5}},"loc":{"start":{"line":17,"column":28},"end":{"line":20,"column":5}},"line":17},"2":{"name":"(anonymous_2)","decl":{"start":{"line":22,"column":16},"end":{"line":22,"column":17}},"loc":{"start":{"line":22,"column":40},"end":{"line":31,"column":5}},"line":22},"3":{"name":"(anonymous_3)","decl":{"start":{"line":33,"column":4},"end":{"line":33,"column":5}},"loc":{"start":{"line":33,"column":14},"end":{"line":35,"column":5}},"line":33}},"branchMap":{"0":{"loc":{"start":{"line":26,"column":8},"end":{"line":30,"column":9}},"type":"if","locations":[{"start":{"line":26,"column":8},"end":{"line":30,"column":9}},{"start":{"line":26,"column":8},"end":{"line":30,"column":9}}],"line":26},"1":{"loc":{"start":{"line":26,"column":12},"end":{"line":26,"column":34}},"type":"binary-expr","locations":[{"start":{"line":26,"column":12},"end":{"line":26,"column":21}},{"start":{"line":26,"column":25},"end":{"line":26,"column":34}}],"line":26},"2":{"loc":{"start":{"line":28,"column":15},"end":{"line":30,"column":9}},"type":"if","locations":[{"start":{"line":28,"column":15},"end":{"line":30,"column":9}},{"start":{"line":28,"column":15},"end":{"line":30,"column":9}}],"line":28},"3":{"loc":{"start":{"line":28,"column":19},"end":{"line":28,"column":40}},"type":"binary-expr","locations":[{"start":{"line":28,"column":19},"end":{"line":28,"column":29}},{"start":{"line":28,"column":33},"end":{"line":28,"column":40}}],"line":28}},"s":{"0":2,"1":0,"2":0,"3":0,"4":0,"5":0,"6":0,"7":0,"8":0,"9":0,"10":0,"11":0,"12":0},"f":{"0":0,"1":0,"2":0,"3":0},"b":{"0":[0,0],"1":[0,0],"2":[0,0],"3":[0,0]},"_coverageSchema":"43e27e138ebf9cfc5966b082cf9a028302ed4184","hash":"6785638d8e7c211de9efa7da3a58ce1b98f67ef7"}
,"/Users/zhangtengjin/Desktop/repo/dt-react-component/src/components/keyEventListener/listener.tsx": {"path":"/Users/zhangtengjin/Desktop/repo/dt-react-component/src/components/keyEventListener/listener.tsx","statementMap":{"0":{"start":{"line":18,"column":8},"end":{"line":18,"column":21}},"1":{"start":{"line":19,"column":8},"end":{"line":21,"column":10}},"2":{"start":{"line":25,"column":8},"end":{"line":25,"column":58}},"3":{"start":{"line":26,"column":8},"end":{"line":26,"column":56}},"4":{"start":{"line":30,"column":8},"end":{"line":30,"column":61}},"5":{"start":{"line":31,"column":8},"end":{"line":31,"column":59}},"6":{"start":{"line":32,"column":8},"end":{"line":32,"column":42}},"7":{"start":{"line":35,"column":16},"end":{"line":68,"column":5}},"8":{"start":{"line":36,"column":38},"end":{"line":36,"column":48}},"9":{"start":{"line":38,"column":24},"end":{"line":38,"column":38}},"10":{"start":{"line":39,"column":26},"end":{"line":39,"column":51}},"11":{"start":{"line":41,"column":8},"end":{"line":46,"column":9}},"12":{"start":{"line":42,"column":12},"end":{"line":44,"column":14}},"13":{"start":{"line":45,"column":12},"end":{"line":45,"column":19}},"14":{"start":{"line":48,"column":8},"end":{"line":67,"column":9}},"15":{"start":{"line":49,"column":32},"end":{"line":51,"column":14}},"16":{"start":{"line":53,"column":12},"end":{"line":55,"column":14}},"17":{"start":{"line":57,"column":30},"end":{"line":57,"column":34}},"18":{"start":{"line":58,"column":12},"end":{"line":63,"column":13}},"19":{"start":{"line":59,"column":16},"end":{"line":62,"column":17}},"20":{"start":{"line":60,"column":20},"end":{"line":60,"column":40}},"21":{"start":{"line":61,"column":20},"end":{"line":61,"column":26}},"22":{"start":{"line":64,"column":12},"end":{"line":66,"column":13}},"23":{"start":{"line":65,"column":16},"end":{"line":65,"column":34}},"24":{"start":{"line":71,"column":8},"end":{"line":73,"column":15}}},"fnMap":{"0":{"name":"(anonymous_0)","decl":{"start":{"line":17,"column":4},"end":{"line":17,"column":5}},"loc":{"start":{"line":17,"column":42},"end":{"line":22,"column":5}},"line":17},"1":{"name":"(anonymous_1)","decl":{"start":{"line":24,"column":4},"end":{"line":24,"column":5}},"loc":{"start":{"line":24,"column":25},"end":{"line":27,"column":5}},"line":24},"2":{"name":"(anonymous_2)","decl":{"start":{"line":29,"column":4},"end":{"line":29,"column":5}},"loc":{"start":{"line":29,"column":28},"end":{"line":33,"column":5}},"line":29},"3":{"name":"(anonymous_3)","decl":{"start":{"line":35,"column":16},"end":{"line":35,"column":17}},"loc":{"start":{"line":35,"column":43},"end":{"line":68,"column":5}},"line":35},"4":{"name":"(anonymous_4)","decl":{"start":{"line":70,"column":4},"end":{"line":70,"column":5}},"loc":{"start":{"line":70,"column":14},"end":{"line":74,"column":5}},"line":70}},"branchMap":{"0":{"loc":{"start":{"line":41,"column":8},"end":{"line":46,"column":9}},"type":"if","locations":[{"start":{"line":41,"column":8},"end":{"line":46,"column":9}},{"start":{"line":41,"column":8},"end":{"line":46,"column":9}}],"line":41},"1":{"loc":{"start":{"line":48,"column":8},"end":{"line":67,"column":9}},"type":"if","locations":[{"start":{"line":48,"column":8},"end":{"line":67,"column":9}},{"start":{"line":48,"column":8},"end":{"line":67,"column":9}}],"line":48},"2":{"loc":{"start":{"line":59,"column":16},"end":{"line":62,"column":17}},"type":"if","locations":[{"start":{"line":59,"column":16},"end":{"line":62,"column":17}},{"start":{"line":59,"column":16},"end":{"line":62,"column":17}}],"line":59},"3":{"loc":{"start":{"line":64,"column":12},"end":{"line":66,"column":13}},"type":"if","locations":[{"start":{"line":64,"column":12},"end":{"line":66,"column":13}},{"start":{"line":64,"column":12},"end":{"line":66,"column":13}}],"line":64}},"s":{"0":6,"1":6,"2":6,"3":6,"4":6,"5":6,"6":6,"7":6,"8":0,"9":0,"10":0,"11":0,"12":0,"13":0,"14":0,"15":0,"16":0,"17":0,"18":0,"19":0,"20":0,"21":0,"22":0,"23":0,"24":6},"f":{"0":6,"1":6,"2":6,"3":0,"4":6},"b":{"0":[0,0],"1":[0,0],"2":[0,0],"3":[0,0]},"_coverageSchema":"43e27e138ebf9cfc5966b082cf9a028302ed4184","hash":"ee85f5887d2e236284d4f55293a2d0bd86e05e9d"}
,"/Users/zhangtengjin/Desktop/repo/dt-react-component/src/components/loadError/index.tsx": {"path":"/Users/zhangtengjin/Desktop/repo/dt-react-component/src/components/loadError/index.tsx","statementMap":{"0":{"start":{"line":3,"column":28},"end":{"line":14,"column":1}},"1":{"start":{"line":4,"column":4},"end":{"line":13,"column":5}},"2":{"start":{"line":8,"column":20},"end":{"line":8,"column":37}}},"fnMap":{"0":{"name":"(anonymous_0)","decl":{"start":{"line":3,"column":28},"end":{"line":3,"column":29}},"loc":{"start":{"line":3,"column":40},"end":{"line":14,"column":1}},"line":3},"1":{"name":"(anonymous_1)","decl":{"start":{"line":7,"column":97},"end":{"line":7,"column":98}},"loc":{"start":{"line":7,"column":103},"end":{"line":9,"column":17}},"line":7}},"branchMap":{},"s":{"0":2,"1":3,"2":1},"f":{"0":3,"1":1},"b":{},"_coverageSchema":"43e27e138ebf9cfc5966b082cf9a028302ed4184","hash":"4d861d72abc92ed9a1eedfe7f79cb265079f25e6"}
,"/Users/zhangtengjin/Desktop/repo/dt-react-component/src/components/modalWithForm/index.tsx": {"path":"/Users/zhangtengjin/Desktop/repo/dt-react-component/src/components/modalWithForm/index.tsx","statementMap":{"0":{"start":{"line":19,"column":4},"end":{"line":50,"column":6}},"1":{"start":{"line":21,"column":12},"end":{"line":21,"column":25}},"2":{"start":{"line":23,"column":20},"end":{"line":31,"column":9}},"3":{"start":{"line":24,"column":59},"end":{"line":24,"column":69}},"4":{"start":{"line":25,"column":12},"end":{"line":30,"column":15}},"5":{"start":{"line":26,"column":16},"end":{"line":29,"column":17}},"6":{"start":{"line":27,"column":20},"end":{"line":27,"column":45}},"7":{"start":{"line":28,"column":20},"end":{"line":28,"column":39}},"8":{"start":{"line":33,"column":95},"end":{"line":33,"column":105}},"9":{"start":{"line":34,"column":12},"end":{"line":48,"column":13}}},"fnMap":{"0":{"name":"ModalWithForm","decl":{"start":{"line":18,"column":9},"end":{"line":18,"column":22}},"loc":{"start":{"line":18,"column":44},"end":{"line":51,"column":1}},"line":18},"1":{"name":"(anonymous_1)","decl":{"start":{"line":20,"column":8},"end":{"line":20,"column":9}},"loc":{"start":{"line":20,"column":33},"end":{"line":22,"column":9}},"line":20},"2":{"name":"(anonymous_2)","decl":{"start":{"line":23,"column":20},"end":{"line":23,"column":21}},"loc":{"start":{"line":23,"column":26},"end":{"line":31,"column":9}},"line":23},"3":{"name":"(anonymous_3)","decl":{"start":{"line":25,"column":43},"end":{"line":25,"column":44}},"loc":{"start":{"line":25,"column":70},"end":{"line":30,"column":13}},"line":25},"4":{"name":"(anonymous_4)","decl":{"start":{"line":32,"column":8},"end":{"line":32,"column":9}},"loc":{"start":{"line":32,"column":18},"end":{"line":49,"column":9}},"line":32}},"branchMap":{"0":{"loc":{"start":{"line":26,"column":16},"end":{"line":29,"column":17}},"type":"if","locations":[{"start":{"line":26,"column":16},"end":{"line":29,"column":17}},{"start":{"line":26,"column":16},"end":{"line":29,"column":17}}],"line":26}},"s":{"0":1,"1":5,"2":5,"3":1,"4":1,"5":1,"6":1,"7":1,"8":14,"9":14},"f":{"0":1,"1":5,"2":1,"3":1,"4":14},"b":{"0":[1,0]},"_coverageSchema":"43e27e138ebf9cfc5966b082cf9a028302ed4184","hash":"375198fa2995d489960631748b29dbaa0343d4e5"}
,"/Users/zhangtengjin/Desktop/repo/dt-react-component/src/components/mulSelectDropdown/index.tsx": {"path":"/Users/zhangtengjin/Desktop/repo/dt-react-component/src/components/mulSelectDropdown/index.tsx","statementMap":{"0":{"start":{"line":28,"column":37},"end":{"line":34,"column":5}},"1":{"start":{"line":37,"column":35},"end":{"line":37,"column":45}},"2":{"start":{"line":38,"column":24},"end":{"line":38,"column":26}},"3":{"start":{"line":39,"column":29},"end":{"line":39,"column":31}},"4":{"start":{"line":40,"column":8},"end":{"line":43,"column":10}},"5":{"start":{"line":41,"column":12},"end":{"line":41,"column":37}},"6":{"start":{"line":42,"column":12},"end":{"line":42,"column":59}},"7":{"start":{"line":44,"column":8},"end":{"line":49,"column":10}},"8":{"start":{"line":48,"column":12},"end":{"line":48,"column":45}},"9":{"start":{"line":53,"column":26},"end":{"line":53,"column":36}},"10":{"start":{"line":54,"column":8},"end":{"line":56,"column":9}},"11":{"start":{"line":55,"column":12},"end":{"line":55,"column":45}},"12":{"start":{"line":59,"column":27},"end":{"line":66,"column":5}},"13":{"start":{"line":60,"column":28},"end":{"line":60,"column":38}},"14":{"start":{"line":61,"column":8},"end":{"line":64,"column":10}},"15":{"start":{"line":65,"column":8},"end":{"line":65,"column":65}},"16":{"start":{"line":68,"column":27},"end":{"line":76,"column":5}},"17":{"start":{"line":69,"column":53},"end":{"line":69,"column":63}},"18":{"start":{"line":70,"column":29},"end":{"line":70,"column":94}},"19":{"start":{"line":71,"column":8},"end":{"line":74,"column":10}},"20":{"start":{"line":75,"column":8},"end":{"line":75,"column":65}},"21":{"start":{"line":78,"column":19},"end":{"line":82,"column":5}},"22":{"start":{"line":79,"column":8},"end":{"line":81,"column":10}},"23":{"start":{"line":84,"column":15},"end":{"line":88,"column":5}},"24":{"start":{"line":85,"column":30},"end":{"line":85,"column":40}},"25":{"start":{"line":86,"column":8},"end":{"line":86,"column":28}},"26":{"start":{"line":87,"column":8},"end":{"line":87,"column":35}},"27":{"start":{"line":90,"column":17},"end":{"line":94,"column":5}},"28":{"start":{"line":91,"column":8},"end":{"line":93,"column":10}},"29":{"start":{"line":101,"column":12},"end":{"line":101,"column":22}},"30":{"start":{"line":98,"column":35},"end":{"line":98,"column":48}},"31":{"start":{"line":100,"column":39},"end":{"line":100,"column":72}},"32":{"start":{"line":102,"column":63},"end":{"line":102,"column":73}},"33":{"start":{"line":104,"column":12},"end":{"line":124,"column":18}},"34":{"start":{"line":107,"column":53},"end":{"line":109,"column":30}},"35":{"start":{"line":126,"column":8},"end":{"line":137,"column":9}},"36":{"start":{"line":133,"column":48},"end":{"line":133,"column":79}}},"fnMap":{"0":{"name":"(anonymous_0)","decl":{"start":{"line":36,"column":4},"end":{"line":36,"column":5}},"loc":{"start":{"line":36,"column":25},"end":{"line":50,"column":5}},"line":36},"1":{"name":"(anonymous_1)","decl":{"start":{"line":40,"column":24},"end":{"line":40,"column":25}},"loc":{"start":{"line":40,"column":39},"end":{"line":43,"column":9}},"line":40},"2":{"name":"(anonymous_2)","decl":{"start":{"line":47,"column":11},"end":{"line":47,"column":12}},"loc":{"start":{"line":47,"column":17},"end":{"line":49,"column":9}},"line":47},"3":{"name":"(anonymous_3)","decl":{"start":{"line":52,"column":4},"end":{"line":52,"column":5}},"loc":{"start":{"line":52,"column":34},"end":{"line":57,"column":5}},"line":52},"4":{"name":"(anonymous_4)","decl":{"start":{"line":59,"column":27},"end":{"line":59,"column":28}},"loc":{"start":{"line":59,"column":50},"end":{"line":66,"column":5}},"line":59},"5":{"name":"(anonymous_5)","decl":{"start":{"line":68,"column":27},"end":{"line":68,"column":28}},"loc":{"start":{"line":68,"column":33},"end":{"line":76,"column":5}},"line":68},"6":{"name":"(anonymous_6)","decl":{"start":{"line":78,"column":19},"end":{"line":78,"column":20}},"loc":{"start":{"line":78,"column":25},"end":{"line":82,"column":5}},"line":78},"7":{"name":"(anonymous_7)","decl":{"start":{"line":84,"column":15},"end":{"line":84,"column":16}},"loc":{"start":{"line":84,"column":21},"end":{"line":88,"column":5}},"line":84},"8":{"name":"(anonymous_8)","decl":{"start":{"line":90,"column":17},"end":{"line":90,"column":18}},"loc":{"start":{"line":90,"column":23},"end":{"line":94,"column":5}},"line":90},"9":{"name":"(anonymous_9)","decl":{"start":{"line":96,"column":4},"end":{"line":96,"column":5}},"loc":{"start":{"line":96,"column":14},"end":{"line":138,"column":5}},"line":96},"10":{"name":"(anonymous_10)","decl":{"start":{"line":98,"column":29},"end":{"line":98,"column":30}},"loc":{"start":{"line":98,"column":35},"end":{"line":98,"column":48}},"line":98},"11":{"name":"(anonymous_11)","decl":{"start":{"line":100,"column":25},"end":{"line":100,"column":26}},"loc":{"start":{"line":100,"column":39},"end":{"line":100,"column":72}},"line":100},"12":{"name":"(anonymous_12)","decl":{"start":{"line":107,"column":37},"end":{"line":107,"column":38}},"loc":{"start":{"line":107,"column":53},"end":{"line":109,"column":30}},"line":107},"13":{"name":"(anonymous_13)","decl":{"start":{"line":133,"column":33},"end":{"line":133,"column":34}},"loc":{"start":{"line":133,"column":46},"end":{"line":133,"column":81}},"line":133}},"branchMap":{"0":{"loc":{"start":{"line":42,"column":12},"end":{"line":42,"column":58}},"type":"binary-expr","locations":[{"start":{"line":42,"column":12},"end":{"line":42,"column":25}},{"start":{"line":42,"column":29},"end":{"line":42,"column":58}}],"line":42},"1":{"loc":{"start":{"line":54,"column":8},"end":{"line":56,"column":9}},"type":"if","locations":[{"start":{"line":54,"column":8},"end":{"line":56,"column":9}},{"start":{"line":54,"column":8},"end":{"line":56,"column":9}}],"line":54},"2":{"loc":{"start":{"line":63,"column":35},"end":{"line":63,"column":96}},"type":"binary-expr","locations":[{"start":{"line":63,"column":35},"end":{"line":63,"column":54}},{"start":{"line":63,"column":58},"end":{"line":63,"column":96}}],"line":63},"3":{"loc":{"start":{"line":65,"column":8},"end":{"line":65,"column":64}},"type":"binary-expr","locations":[{"start":{"line":65,"column":8},"end":{"line":65,"column":27}},{"start":{"line":65,"column":31},"end":{"line":65,"column":64}}],"line":65},"4":{"loc":{"start":{"line":70,"column":29},"end":{"line":70,"column":94}},"type":"cond-expr","locations":[{"start":{"line":70,"column":67},"end":{"line":70,"column":79}},{"start":{"line":70,"column":82},"end":{"line":70,"column":94}}],"line":70},"5":{"loc":{"start":{"line":75,"column":8},"end":{"line":75,"column":64}},"type":"binary-expr","locations":[{"start":{"line":75,"column":8},"end":{"line":75,"column":27}},{"start":{"line":75,"column":31},"end":{"line":75,"column":64}}],"line":75},"6":{"loc":{"start":{"line":98,"column":12},"end":{"line":98,"column":48}},"type":"default-arg","locations":[{"start":{"line":98,"column":29},"end":{"line":98,"column":48}}],"line":98},"7":{"loc":{"start":{"line":99,"column":12},"end":{"line":99,"column":24}},"type":"default-arg","locations":[{"start":{"line":99,"column":22},"end":{"line":99,"column":24}}],"line":99},"8":{"loc":{"start":{"line":100,"column":12},"end":{"line":100,"column":73}},"type":"default-arg","locations":[{"start":{"line":100,"column":25},"end":{"line":100,"column":73}}],"line":100},"9":{"loc":{"start":{"line":133,"column":48},"end":{"line":133,"column":79}},"type":"binary-expr","locations":[{"start":{"line":133,"column":48},"end":{"line":133,"column":56}},{"start":{"line":133,"column":60},"end":{"line":133,"column":79}}],"line":133}},"s":{"0":1,"1":1,"2":1,"3":1,"4":1,"5":2,"6":2,"7":1,"8":1,"9":4,"10":4,"11":0,"12":1,"13":1,"14":1,"15":1,"16":1,"17":0,"18":0,"19":0,"20":0,"21":1,"22":1,"23":1,"24":0,"25":0,"26":0,"27":1,"28":1,"29":5,"30":1,"31":0,"32":5,"33":5,"34":10,"35":5,"36":1},"f":{"0":1,"1":2,"2":1,"3":4,"4":1,"5":0,"6":1,"7":0,"8":1,"9":5,"10":1,"11":0,"12":10,"13":1},"b":{"0":[2,1],"1":[0,4],"2":[1,1],"3":[1,0],"4":[0,0],"5":[0,0],"6":[5],"7":[0],"8":[0],"9":[1,0]},"_coverageSchema":"43e27e138ebf9cfc5966b082cf9a028302ed4184","hash":"20f12c612c3df05ec5f0d0c6829c6bf622c069c4"}
,"/Users/zhangtengjin/Desktop/repo/dt-react-component/src/components/multiSearchInput/index.tsx": {"path":"/Users/zhangtengjin/Desktop/repo/dt-react-component/src/components/multiSearchInput/index.tsx","statementMap":{"0":{"start":{"line":5,"column":28},"end":{"line":30,"column":1}},"1":{"start":{"line":51,"column":8},"end":{"line":51,"column":21}},"2":{"start":{"line":52,"column":8},"end":{"line":73,"column":10}},"3":{"start":{"line":59,"column":20},"end":{"line":59,"column":39}},"4":{"start":{"line":64,"column":20},"end":{"line":64,"column":51}},"5":{"start":{"line":69,"column":20},"end":{"line":69,"column":44}},"6":{"start":{"line":85,"column":12},"end":{"line":85,"column":22}},"7":{"start":{"line":86,"column":25},"end":{"line":86,"column":46}},"8":{"start":{"line":87,"column":27},"end":{"line":87,"column":43}},"9":{"start":{"line":88,"column":8},"end":{"line":88,"column":88}},"10":{"start":{"line":89,"column":27},"end":{"line":91,"column":10}},"11":{"start":{"line":90,"column":12},"end":{"line":90,"column":55}},"12":{"start":{"line":92,"column":8},"end":{"line":164,"column":10}},"13":{"start":{"line":108,"column":24},"end":{"line":108,"column":65}},"14":{"start":{"line":109,"column":24},"end":{"line":109,"column":49}},"15":{"start":{"line":112,"column":24},"end":{"line":112,"column":61}},"16":{"start":{"line":129,"column":24},"end":{"line":160,"column":26}},"17":{"start":{"line":143,"column":40},"end":{"line":143,"column":84}},"18":{"start":{"line":144,"column":36},"end":{"line":146,"column":39}},"19":{"start":{"line":147,"column":36},"end":{"line":147,"column":64}}},"fnMap":{"0":{"name":"(anonymous_0)","decl":{"start":{"line":50,"column":4},"end":{"line":50,"column":5}},"loc":{"start":{"line":50,"column":28},"end":{"line":74,"column":5}},"line":50},"1":{"name":"(anonymous_1)","decl":{"start":{"line":58,"column":17},"end":{"line":58,"column":18}},"loc":{"start":{"line":58,"column":33},"end":{"line":60,"column":17}},"line":58},"2":{"name":"(anonymous_2)","decl":{"start":{"line":63,"column":17},"end":{"line":63,"column":18}},"loc":{"start":{"line":63,"column":50},"end":{"line":65,"column":17}},"line":63},"3":{"name":"(anonymous_3)","decl":{"start":{"line":68,"column":17},"end":{"line":68,"column":18}},"loc":{"start":{"line":68,"column":38},"end":{"line":70,"column":17}},"line":68},"4":{"name":"(anonymous_4)","decl":{"start":{"line":76,"column":4},"end":{"line":76,"column":5}},"loc":{"start":{"line":76,"column":13},"end":{"line":165,"column":5}},"line":76},"5":{"name":"(anonymous_5)","decl":{"start":{"line":89,"column":52},"end":{"line":89,"column":53}},"loc":{"start":{"line":89,"column":67},"end":{"line":91,"column":9}},"line":89},"6":{"name":"(anonymous_6)","decl":{"start":{"line":107,"column":30},"end":{"line":107,"column":31}},"loc":{"start":{"line":107,"column":42},"end":{"line":110,"column":21}},"line":107},"7":{"name":"(anonymous_7)","decl":{"start":{"line":111,"column":34},"end":{"line":111,"column":35}},"loc":{"start":{"line":111,"column":46},"end":{"line":113,"column":21}},"line":111},"8":{"name":"(anonymous_8)","decl":{"start":{"line":128,"column":39},"end":{"line":128,"column":40}},"loc":{"start":{"line":128,"column":54},"end":{"line":161,"column":21}},"line":128},"9":{"name":"(anonymous_9)","decl":{"start":{"line":141,"column":41},"end":{"line":141,"column":42}},"loc":{"start":{"line":141,"column":47},"end":{"line":148,"column":33}},"line":141}},"branchMap":{"0":{"loc":{"start":{"line":53,"column":25},"end":{"line":53,"column":53}},"type":"binary-expr","locations":[{"start":{"line":53,"column":25},"end":{"line":53,"column":47}},{"start":{"line":53,"column":51},"end":{"line":53,"column":53}}],"line":53},"1":{"loc":{"start":{"line":54,"column":19},"end":{"line":54,"column":41}},"type":"binary-expr","locations":[{"start":{"line":54,"column":19},"end":{"line":54,"column":35}},{"start":{"line":54,"column":39},"end":{"line":54,"column":41}}],"line":54},"2":{"loc":{"start":{"line":55,"column":19},"end":{"line":55,"column":41}},"type":"binary-expr","locations":[{"start":{"line":55,"column":19},"end":{"line":55,"column":35}},{"start":{"line":55,"column":39},"end":{"line":55,"column":41}}],"line":55},"3":{"loc":{"start":{"line":57,"column":16},"end":{"line":60,"column":18}},"type":"binary-expr","locations":[{"start":{"line":57,"column":16},"end":{"line":57,"column":35}},{"start":{"line":58,"column":17},"end":{"line":60,"column":17}}],"line":57},"4":{"loc":{"start":{"line":62,"column":16},"end":{"line":65,"column":18}},"type":"binary-expr","locations":[{"start":{"line":62,"column":16},"end":{"line":62,"column":35}},{"start":{"line":63,"column":17},"end":{"line":65,"column":17}}],"line":62},"5":{"loc":{"start":{"line":67,"column":16},"end":{"line":70,"column":18}},"type":"binary-expr","locations":[{"start":{"line":67,"column":16},"end":{"line":67,"column":39}},{"start":{"line":68,"column":17},"end":{"line":70,"column":17}}],"line":67},"6":{"loc":{"start":{"line":71,"column":24},"end":{"line":71,"column":56}},"type":"binary-expr","locations":[{"start":{"line":71,"column":24},"end":{"line":71,"column":45}},{"start":{"line":71,"column":49},"end":{"line":71,"column":56}}],"line":71},"7":{"loc":{"start":{"line":72,"column":27},"end":{"line":72,"column":83}},"type":"binary-expr","locations":[{"start":{"line":72,"column":27},"end":{"line":72,"column":51}},{"start":{"line":72,"column":55},"end":{"line":72,"column":83}}],"line":72},"8":{"loc":{"start":{"line":88,"column":21},"end":{"line":88,"column":87}},"type":"cond-expr","locations":[{"start":{"line":88,"column":53},"end":{"line":88,"column":74}},{"start":{"line":88,"column":77},"end":{"line":88,"column":87}}],"line":88},"9":{"loc":{"start":{"line":101,"column":27},"end":{"line":101,"column":66}},"type":"cond-expr","locations":[{"start":{"line":101,"column":48},"end":{"line":101,"column":58}},{"start":{"line":101,"column":61},"end":{"line":101,"column":66}}],"line":101},"10":{"loc":{"start":{"line":138,"column":44},"end":{"line":138,"column":98}},"type":"cond-expr","locations":[{"start":{"line":138,"column":70},"end":{"line":138,"column":89}},{"start":{"line":138,"column":92},"end":{"line":138,"column":98}}],"line":138},"11":{"loc":{"start":{"line":143,"column":40},"end":{"line":143,"column":84}},"type":"cond-expr","locations":[{"start":{"line":143,"column":66},"end":{"line":143,"column":73}},{"start":{"line":143,"column":76},"end":{"line":143,"column":84}}],"line":143}},"s":{"0":1,"1":3,"2":3,"3":0,"4":0,"5":0,"6":4,"7":4,"8":4,"9":4,"10":4,"11":16,"12":4,"13":1,"14":1,"15":1,"16":11,"17":0,"18":0,"19":0},"f":{"0":3,"1":0,"2":0,"3":0,"4":4,"5":16,"6":1,"7":1,"8":11,"9":0},"b":{"0":[3,2],"1":[3,3],"2":[3,2],"3":[3,2],"4":[3,2],"5":[3,3],"6":[3,1],"7":[3,2],"8":[3,1],"9":[1,3],"10":[3,8],"11":[0,0]},"_coverageSchema":"43e27e138ebf9cfc5966b082cf9a028302ed4184","hash":"85db06f6379c3c0a600da15e0376aa965013dcdd"}
,"/Users/zhangtengjin/Desktop/repo/dt-react-component/src/components/resize/index.tsx": {"path":"/Users/zhangtengjin/Desktop/repo/dt-react-component/src/components/resize/index.tsx","statementMap":{"0":{"start":{"line":9,"column":8},"end":{"line":9,"column":61}},"1":{"start":{"line":13,"column":8},"end":{"line":13,"column":65}},"2":{"start":{"line":16,"column":13},"end":{"line":19,"column":5}},"3":{"start":{"line":17,"column":29},"end":{"line":17,"column":39}},"4":{"start":{"line":18,"column":8},"end":{"line":18,"column":32}},"5":{"start":{"line":18,"column":22},"end":{"line":18,"column":32}},"6":{"start":{"line":22,"column":8},"end":{"line":22,"column":34}}},"fnMap":{"0":{"name":"(anonymous_0)","decl":{"start":{"line":8,"column":4},"end":{"line":8,"column":5}},"loc":{"start":{"line":8,"column":25},"end":{"line":10,"column":5}},"line":8},"1":{"name":"(anonymous_1)","decl":{"start":{"line":12,"column":4},"end":{"line":12,"column":5}},"loc":{"start":{"line":12,"column":28},"end":{"line":14,"column":5}},"line":12},"2":{"name":"(anonymous_2)","decl":{"start":{"line":16,"column":13},"end":{"line":16,"column":14}},"loc":{"start":{"line":16,"column":19},"end":{"line":19,"column":5}},"line":16},"3":{"name":"(anonymous_3)","decl":{"start":{"line":21,"column":4},"end":{"line":21,"column":5}},"loc":{"start":{"line":21,"column":14},"end":{"line":23,"column":5}},"line":21}},"branchMap":{"0":{"loc":{"start":{"line":18,"column":8},"end":{"line":18,"column":32}},"type":"if","locations":[{"start":{"line":18,"column":8},"end":{"line":18,"column":32}},{"start":{"line":18,"column":8},"end":{"line":18,"column":32}}],"line":18}},"s":{"0":1,"1":1,"2":1,"3":1,"4":1,"5":1,"6":2},"f":{"0":1,"1":1,"2":1,"3":2},"b":{"0":[1,0]},"_coverageSchema":"43e27e138ebf9cfc5966b082cf9a028302ed4184","hash":"a6a703ce1eeef886c7d16ee71647e16ad2a274d3"}
,"/Users/zhangtengjin/Desktop/repo/dt-react-component/src/components/scrollText/index.tsx": {"path":"/Users/zhangtengjin/Desktop/repo/dt-react-component/src/components/scrollText/index.tsx","statementMap":{"0":{"start":{"line":10,"column":23},"end":{"line":18,"column":5}},"1":{"start":{"line":19,"column":22},"end":{"line":19,"column":27}},"2":{"start":{"line":20,"column":4},"end":{"line":27,"column":6}}},"fnMap":{"0":{"name":"scrollText","decl":{"start":{"line":9,"column":24},"end":{"line":9,"column":34}},"loc":{"start":{"line":9,"column":60},"end":{"line":28,"column":1}},"line":9}},"branchMap":{"0":{"loc":{"start":{"line":22,"column":40},"end":{"line":22,"column":57}},"type":"binary-expr","locations":[{"start":{"line":22,"column":40},"end":{"line":22,"column":51}},{"start":{"line":22,"column":55},"end":{"line":22,"column":57}}],"line":22}},"s":{"0":2,"1":2,"2":2},"f":{"0":2},"b":{"0":[2,2]},"_coverageSchema":"43e27e138ebf9cfc5966b082cf9a028302ed4184","hash":"2ec909e9c1a197699a3106d8bb4fb9e41d67a256"}
,"/Users/zhangtengjin/Desktop/repo/dt-react-component/src/components/slidePane/index.tsx": {"path":"/Users/zhangtengjin/Desktop/repo/dt-react-component/src/components/slidePane/index.tsx","statementMap":{"0":{"start":{"line":20,"column":8},"end":{"line":20,"column":21}},"1":{"start":{"line":24,"column":65},"end":{"line":24,"column":75}},"2":{"start":{"line":25,"column":31},"end":{"line":25,"column":47}},"3":{"start":{"line":26,"column":27},"end":{"line":29,"column":9}},"4":{"start":{"line":30,"column":24},"end":{"line":30,"column":61}},"5":{"start":{"line":31,"column":8},"end":{"line":33,"column":9}},"6":{"start":{"line":32,"column":12},"end":{"line":32,"column":46}},"7":{"start":{"line":34,"column":8},"end":{"line":34,"column":52}},"8":{"start":{"line":34,"column":19},"end":{"line":34,"column":52}},"9":{"start":{"line":36,"column":8},"end":{"line":54,"column":10}}},"fnMap":{"0":{"name":"(anonymous_0)","decl":{"start":{"line":19,"column":4},"end":{"line":19,"column":5}},"loc":{"start":{"line":19,"column":39},"end":{"line":21,"column":5}},"line":19},"1":{"name":"(anonymous_1)","decl":{"start":{"line":23,"column":4},"end":{"line":23,"column":5}},"loc":{"start":{"line":23,"column":13},"end":{"line":55,"column":5}},"line":23}},"branchMap":{"0":{"loc":{"start":{"line":28,"column":23},"end":{"line":28,"column":70}},"type":"cond-expr","locations":[{"start":{"line":28,"column":33},"end":{"line":28,"column":42}},{"start":{"line":28,"column":45},"end":{"line":28,"column":70}}],"line":28},"1":{"loc":{"start":{"line":31,"column":8},"end":{"line":33,"column":9}},"type":"if","locations":[{"start":{"line":31,"column":8},"end":{"line":33,"column":9}},{"start":{"line":31,"column":8},"end":{"line":33,"column":9}}],"line":31},"2":{"loc":{"start":{"line":34,"column":8},"end":{"line":34,"column":52}},"type":"if","locations":[{"start":{"line":34,"column":8},"end":{"line":34,"column":52}},{"start":{"line":34,"column":8},"end":{"line":34,"column":52}}],"line":34},"3":{"loc":{"start":{"line":41,"column":38},"end":{"line":41,"column":64}},"type":"cond-expr","locations":[{"start":{"line":41,"column":48},"end":{"line":41,"column":55}},{"start":{"line":41,"column":58},"end":{"line":41,"column":64}}],"line":41}},"s":{"0":2,"1":2,"2":2,"3":2,"4":2,"5":2,"6":1,"7":2,"8":1,"9":2},"f":{"0":2,"1":2},"b":{"0":[1,1],"1":[1,1],"2":[1,1],"3":[1,1]},"_coverageSchema":"43e27e138ebf9cfc5966b082cf9a028302ed4184","hash":"e82523b5cbb509748ae89a767942a2b337b040bc"}
}
