TN:
SF:/Users/zhangtengjin/Desktop/repo/dt-react-component/src/components/breadcrumb/index.tsx
FN:16,BreadcrumbRender
FN:22,(anonymous_1)
FNF:2
FNH:2
FNDA:4,BreadcrumbRender
FNDA:8,(anonymous_1)
DA:5,1
DA:17,4
DA:18,4
DA:19,4
DA:23,8
LF:5
LH:5
BRDA:17,0,0,0
BRDA:24,1,0,4
BRDA:24,1,1,4
BRF:3
BRH:2
end_of_record
TN:
SF:/Users/zhangtengjin/Desktop/repo/dt-react-component/src/components/circle/index.tsx
FN:4,(anonymous_0)
FN:16,Circle
FNF:2
FNH:2
FNDA:1,(anonymous_0)
FNDA:4,Circle
DA:4,1
DA:5,1
DA:17,4
DA:18,4
DA:19,4
DA:22,4
DA:23,4
LF:7
LH:7
BRDA:28,0,0,4
BRDA:28,0,1,4
BRF:2
BRH:2
end_of_record
TN:
SF:/Users/zhangtengjin/Desktop/repo/dt-react-component/src/components/editCell/index.tsx
FN:23,(anonymous_0)
FN:28,(anonymous_1)
FN:30,(anonymous_2)
FN:37,(anonymous_3)
FN:44,(anonymous_4)
FN:46,(anonymous_5)
FNF:6
FNH:5
FNDA:3,(anonymous_0)
FNDA:2,(anonymous_1)
FNDA:0,(anonymous_2)
FNDA:1,(anonymous_3)
FNDA:1,(anonymous_4)
FNDA:9,(anonymous_5)
DA:18,3
DA:24,3
DA:25,3
DA:28,3
DA:30,3
DA:31,0
DA:32,0
DA:37,3
DA:38,1
DA:39,1
DA:40,1
DA:41,1
DA:44,3
DA:47,9
DA:48,9
DA:49,9
LF:16
LH:14
BRDA:33,0,0,0
BRDA:33,0,1,0
BRDA:51,1,0,2
BRDA:51,1,1,7
BRDA:65,2,0,7
BRDA:65,2,1,7
BRF:6
BRH:4
end_of_record
TN:
SF:/Users/zhangtengjin/Desktop/repo/dt-react-component/src/components/editInput/index.tsx
FN:14,(anonymous_0)
FN:20,(anonymous_1)
FN:25,(anonymous_2)
FN:33,(anonymous_3)
FN:36,(anonymous_4)
FN:47,(anonymous_5)
FNF:6
FNH:6
FNDA:3,(anonymous_0)
FNDA:3,(anonymous_1)
FNDA:4,(anonymous_2)
FNDA:1,(anonymous_3)
FNDA:2,(anonymous_4)
FNDA:7,(anonymous_5)
DA:15,3
DA:16,3
DA:21,3
DA:26,4
DA:27,4
DA:28,0
DA:33,3
DA:34,1
DA:36,3
DA:37,2
DA:38,2
DA:39,2
DA:40,1
DA:42,1
DA:48,7
DA:49,7
LF:16
LH:15
BRDA:27,0,0,0
BRDA:27,0,1,4
BRDA:39,1,0,1
BRDA:39,1,1,1
BRDA:39,2,0,2
BRDA:39,2,1,2
BRDA:39,2,2,2
BRF:7
BRH:6
end_of_record
TN:
SF:/Users/zhangtengjin/Desktop/repo/dt-react-component/src/components/ellipsisText/index.tsx
FN:12,(anonymous_0)
FNF:1
FNH:1
FNDA:8,(anonymous_0)
DA:13,8
DA:14,8
LF:2
LH:2
BRDA:13,0,0,0
BRDA:13,1,0,7
BRDA:13,2,0,7
BRDA:13,3,0,7
BRDA:16,4,0,7
BRDA:16,4,1,1
BRF:6
BRH:5
end_of_record
TN:
SF:/Users/zhangtengjin/Desktop/repo/dt-react-component/src/components/errorBoundary/index.tsx
FN:14,(anonymous_0)
FN:19,(anonymous_1)
FN:25,(anonymous_2)
FNF:3
FNH:3
FNDA:1,(anonymous_0)
FNDA:1,(anonymous_1)
FNDA:5,(anonymous_2)
DA:12,3
DA:16,1
DA:20,1
DA:21,1
DA:22,1
DA:26,5
DA:27,2
DA:29,3
LF:8
LH:8
BRDA:26,0,0,2
BRDA:26,0,1,3
BRF:2
BRH:2
end_of_record
TN:
SF:/Users/zhangtengjin/Desktop/repo/dt-react-component/src/components/formComponent/index.tsx
FN:33,RenderFormItem
FNF:1
FNH:1
FNDA:3,RenderFormItem
DA:3,1
DA:34,3
DA:35,3
LF:3
LH:3
BRDA:34,0,0,1
BRDA:39,1,0,3
BRDA:39,1,1,3
BRDA:40,2,0,3
BRDA:40,2,1,1
BRF:5
BRH:5
end_of_record
TN:
SF:/Users/zhangtengjin/Desktop/repo/dt-react-component/src/components/fullscreen/icon.tsx
FN:12,(anonymous_0)
FN:31,(anonymous_1)
FNF:2
FNH:2
FNDA:3,(anonymous_0)
FNDA:3,(anonymous_1)
DA:12,3
DA:13,3
DA:14,3
DA:16,0
DA:17,0
DA:19,0
DA:23,3
DA:24,0
DA:26,3
DA:29,3
DA:32,3
DA:33,3
DA:34,3
DA:35,3
LF:14
LH:10
BRDA:14,0,0,0
BRDA:14,0,1,3
BRDA:16,1,0,0
BRDA:16,1,1,0
BRDA:23,2,0,0
BRDA:23,2,1,3
BRF:6
BRH:2
end_of_record
TN:
SF:/Users/zhangtengjin/Desktop/repo/dt-react-component/src/components/fullscreen/index.tsx
FN:29,(anonymous_0)
FN:33,(anonymous_1)
FN:37,(anonymous_2)
FN:62,(anonymous_3)
FN:76,(anonymous_4)
FN:81,(anonymous_5)
FN:109,(anonymous_6)
FNF:7
FNH:4
FNDA:0,(anonymous_0)
FNDA:3,(anonymous_1)
FNDA:0,(anonymous_2)
FNDA:3,(anonymous_3)
FNDA:0,(anonymous_4)
FNDA:1,(anonymous_5)
FNDA:3,(anonymous_6)
DA:7,1
DA:23,3
DA:30,0
DA:31,0
DA:34,3
DA:35,3
DA:36,3
DA:37,3
DA:39,0
DA:40,0
DA:41,0
DA:42,0
DA:43,0
DA:44,0
DA:45,0
DA:46,0
DA:48,0
DA:52,3
DA:53,0
DA:54,3
DA:55,0
DA:56,3
DA:57,0
DA:58,3
DA:59,0
DA:63,3
DA:64,3
DA:65,3
DA:66,3
DA:67,0
DA:68,3
DA:69,0
DA:70,3
DA:71,0
DA:72,3
DA:73,0
DA:76,3
DA:77,0
DA:78,0
DA:81,3
DA:82,1
DA:83,1
DA:84,1
DA:85,0
DA:86,0
DA:87,0
DA:88,0
DA:89,0
DA:90,0
DA:91,0
DA:92,0
DA:95,1
DA:96,1
DA:97,1
DA:98,0
DA:99,1
DA:100,0
DA:101,1
DA:102,0
DA:103,1
DA:104,0
DA:110,3
DA:111,3
DA:113,3
DA:114,3
LF:65
LH:32
BRDA:36,0,0,3
BRDA:36,0,1,3
BRDA:39,1,0,0
BRDA:39,1,1,0
BRDA:41,2,0,0
BRDA:41,2,1,0
BRDA:43,3,0,0
BRDA:43,3,1,0
BRDA:45,4,0,0
BRDA:45,4,1,0
BRDA:52,5,0,0
BRDA:52,5,1,3
BRDA:54,6,0,0
BRDA:54,6,1,3
BRDA:56,7,0,0
BRDA:56,7,1,3
BRDA:58,8,0,0
BRDA:58,8,1,3
BRDA:65,9,0,3
BRDA:65,9,1,3
BRDA:66,10,0,0
BRDA:66,10,1,3
BRDA:68,11,0,0
BRDA:68,11,1,3
BRDA:70,12,0,0
BRDA:70,12,1,3
BRDA:72,13,0,0
BRDA:72,13,1,3
BRDA:83,14,0,0
BRDA:83,14,1,1
BRDA:84,15,0,0
BRDA:84,15,1,1
BRDA:85,16,0,0
BRDA:85,16,1,0
BRDA:87,17,0,0
BRDA:87,17,1,0
BRDA:89,18,0,0
BRDA:89,18,1,0
BRDA:91,19,0,0
BRDA:91,19,1,0
BRDA:96,20,0,1
BRDA:96,20,1,1
BRDA:97,21,0,0
BRDA:97,21,1,1
BRDA:99,22,0,0
BRDA:99,22,1,1
BRDA:101,23,0,0
BRDA:101,23,1,1
BRDA:103,24,0,0
BRDA:103,24,1,1
BRDA:111,25,0,0
BRDA:111,25,1,3
BRDA:113,26,0,0
BRDA:113,26,1,3
BRDA:120,27,0,0
BRDA:120,27,1,3
BRF:56
BRH:23
end_of_record
TN:
SF:/Users/zhangtengjin/Desktop/repo/dt-react-component/src/components/globalLoading/index.tsx
FN:12,(anonymous_0)
FNF:1
FNH:1
FNDA:1,(anonymous_0)
DA:19,1
DA:20,1
LF:2
LH:2
BRDA:14,0,0,1
BRDA:15,1,0,0
BRDA:16,2,0,1
BRDA:17,3,0,1
BRDA:18,4,0,1
BRF:5
BRH:4
end_of_record
TN:
SF:/Users/zhangtengjin/Desktop/repo/dt-react-component/src/components/keyEventListener/index.tsx
FN:12,(anonymous_0)
FN:17,(anonymous_1)
FN:22,(anonymous_2)
FN:33,(anonymous_3)
FNF:4
FNH:0
FNDA:0,(anonymous_0)
FNDA:0,(anonymous_1)
FNDA:0,(anonymous_2)
FNDA:0,(anonymous_3)
DA:11,2
DA:13,0
DA:14,0
DA:18,0
DA:19,0
DA:22,0
DA:23,0
DA:24,0
DA:26,0
DA:27,0
DA:28,0
DA:29,0
DA:34,0
LF:13
LH:1
BRDA:26,0,0,0
BRDA:26,0,1,0
BRDA:26,1,0,0
BRDA:26,1,1,0
BRDA:28,2,0,0
BRDA:28,2,1,0
BRDA:28,3,0,0
BRDA:28,3,1,0
BRF:8
BRH:0
end_of_record
TN:
SF:/Users/zhangtengjin/Desktop/repo/dt-react-component/src/components/keyEventListener/listener.tsx
FN:17,(anonymous_0)
FN:24,(anonymous_1)
FN:29,(anonymous_2)
FN:35,(anonymous_3)
FN:70,(anonymous_4)
FNF:5
FNH:4
FNDA:6,(anonymous_0)
FNDA:6,(anonymous_1)
FNDA:6,(anonymous_2)
FNDA:0,(anonymous_3)
FNDA:6,(anonymous_4)
DA:18,6
DA:19,6
DA:25,6
DA:26,6
DA:30,6
DA:31,6
DA:32,6
DA:35,6
DA:36,0
DA:38,0
DA:39,0
DA:41,0
DA:42,0
DA:45,0
DA:48,0
DA:49,0
DA:53,0
DA:57,0
DA:58,0
DA:59,0
DA:60,0
DA:61,0
DA:64,0
DA:65,0
DA:71,6
LF:25
LH:9
BRDA:41,0,0,0
BRDA:41,0,1,0
BRDA:48,1,0,0
BRDA:48,1,1,0
BRDA:59,2,0,0
BRDA:59,2,1,0
BRDA:64,3,0,0
BRDA:64,3,1,0
BRF:8
BRH:0
end_of_record
TN:
SF:/Users/zhangtengjin/Desktop/repo/dt-react-component/src/components/loadError/index.tsx
FN:3,(anonymous_0)
FN:7,(anonymous_1)
FNF:2
FNH:2
FNDA:3,(anonymous_0)
FNDA:1,(anonymous_1)
DA:3,2
DA:4,3
DA:8,1
LF:3
LH:3
BRF:0
BRH:0
end_of_record
TN:
SF:/Users/zhangtengjin/Desktop/repo/dt-react-component/src/components/modalWithForm/index.tsx
FN:18,ModalWithForm
FN:20,(anonymous_1)
FN:23,(anonymous_2)
FN:25,(anonymous_3)
FN:32,(anonymous_4)
FNF:5
FNH:5
FNDA:1,ModalWithForm
FNDA:5,(anonymous_1)
FNDA:1,(anonymous_2)
FNDA:1,(anonymous_3)
FNDA:14,(anonymous_4)
DA:19,1
DA:21,5
DA:23,5
DA:24,1
DA:25,1
DA:26,1
DA:27,1
DA:28,1
DA:33,14
DA:34,14
LF:10
LH:10
BRDA:26,0,0,1
BRDA:26,0,1,0
BRF:2
BRH:1
end_of_record
TN:
SF:/Users/zhangtengjin/Desktop/repo/dt-react-component/src/components/mulSelectDropdown/index.tsx
FN:36,(anonymous_0)
FN:40,(anonymous_1)
FN:47,(anonymous_2)
FN:52,(anonymous_3)
FN:59,(anonymous_4)
FN:68,(anonymous_5)
FN:78,(anonymous_6)
FN:84,(anonymous_7)
FN:90,(anonymous_8)
FN:96,(anonymous_9)
FN:98,(anonymous_10)
FN:100,(anonymous_11)
FN:107,(anonymous_12)
FN:133,(anonymous_13)
FNF:14
FNH:11
FNDA:1,(anonymous_0)
FNDA:2,(anonymous_1)
FNDA:1,(anonymous_2)
FNDA:4,(anonymous_3)
FNDA:1,(anonymous_4)
FNDA:0,(anonymous_5)
FNDA:1,(anonymous_6)
FNDA:0,(anonymous_7)
FNDA:1,(anonymous_8)
FNDA:5,(anonymous_9)
FNDA:1,(anonymous_10)
FNDA:0,(anonymous_11)
FNDA:10,(anonymous_12)
FNDA:1,(anonymous_13)
DA:28,1
DA:37,1
DA:38,1
DA:39,1
DA:40,1
DA:41,2
DA:42,2
DA:44,1
DA:48,1
DA:53,4
DA:54,4
DA:55,0
DA:59,1
DA:60,1
DA:61,1
DA:65,1
DA:68,1
DA:69,0
DA:70,0
DA:71,0
DA:75,0
DA:78,1
DA:79,1
DA:84,1
DA:85,0
DA:86,0
DA:87,0
DA:90,1
DA:91,1
DA:98,1
DA:100,0
DA:101,5
DA:102,5
DA:104,5
DA:107,10
DA:126,5
DA:133,1
LF:37
LH:28
BRDA:42,0,0,2
BRDA:42,0,1,1
BRDA:54,1,0,0
BRDA:54,1,1,4
BRDA:63,2,0,1
BRDA:63,2,1,1
BRDA:65,3,0,1
BRDA:65,3,1,0
BRDA:70,4,0,0
BRDA:70,4,1,0
BRDA:75,5,0,0
BRDA:75,5,1,0
BRDA:98,6,0,5
BRDA:99,7,0,0
BRDA:100,8,0,0
BRDA:133,9,0,1
BRDA:133,9,1,0
BRF:17
BRH:8
end_of_record
TN:
SF:/Users/zhangtengjin/Desktop/repo/dt-react-component/src/components/multiSearchInput/index.tsx
FN:50,(anonymous_0)
FN:58,(anonymous_1)
FN:63,(anonymous_2)
FN:68,(anonymous_3)
FN:76,(anonymous_4)
FN:89,(anonymous_5)
FN:107,(anonymous_6)
FN:111,(anonymous_7)
FN:128,(anonymous_8)
FN:141,(anonymous_9)
FNF:10
FNH:6
FNDA:3,(anonymous_0)
FNDA:0,(anonymous_1)
FNDA:0,(anonymous_2)
FNDA:0,(anonymous_3)
FNDA:4,(anonymous_4)
FNDA:16,(anonymous_5)
FNDA:1,(anonymous_6)
FNDA:1,(anonymous_7)
FNDA:11,(anonymous_8)
FNDA:0,(anonymous_9)
DA:5,1
DA:51,3
DA:52,3
DA:59,0
DA:64,0
DA:69,0
DA:85,4
DA:86,4
DA:87,4
DA:88,4
DA:89,4
DA:90,16
DA:92,4
DA:108,1
DA:109,1
DA:112,1
DA:129,11
DA:143,0
DA:144,0
DA:147,0
LF:20
LH:14
BRDA:53,0,0,3
BRDA:53,0,1,2
BRDA:54,1,0,3
BRDA:54,1,1,3
BRDA:55,2,0,3
BRDA:55,2,1,2
BRDA:57,3,0,3
BRDA:57,3,1,2
BRDA:62,4,0,3
BRDA:62,4,1,2
BRDA:67,5,0,3
BRDA:67,5,1,3
BRDA:71,6,0,3
BRDA:71,6,1,1
BRDA:72,7,0,3
BRDA:72,7,1,2
BRDA:88,8,0,3
BRDA:88,8,1,1
BRDA:101,9,0,1
BRDA:101,9,1,3
BRDA:138,10,0,3
BRDA:138,10,1,8
BRDA:143,11,0,0
BRDA:143,11,1,0
BRF:24
BRH:22
end_of_record
TN:
SF:/Users/zhangtengjin/Desktop/repo/dt-react-component/src/components/resize/index.tsx
FN:8,(anonymous_0)
FN:12,(anonymous_1)
FN:16,(anonymous_2)
FN:21,(anonymous_3)
FNF:4
FNH:4
FNDA:1,(anonymous_0)
FNDA:1,(anonymous_1)
FNDA:1,(anonymous_2)
FNDA:2,(anonymous_3)
DA:9,1
DA:13,1
DA:16,1
DA:17,1
DA:18,1
DA:22,2
LF:6
LH:6
BRDA:18,0,0,1
BRDA:18,0,1,0
BRF:2
BRH:1
end_of_record
TN:
SF:/Users/zhangtengjin/Desktop/repo/dt-react-component/src/components/scrollText/index.tsx
FN:9,scrollText
FNF:1
FNH:1
FNDA:2,scrollText
DA:10,2
DA:19,2
DA:20,2
LF:3
LH:3
BRDA:22,0,0,2
BRDA:22,0,1,2
BRF:2
BRH:2
end_of_record
TN:
SF:/Users/zhangtengjin/Desktop/repo/dt-react-component/src/components/slidePane/index.tsx
FN:19,(anonymous_0)
FN:23,(anonymous_1)
FNF:2
FNH:2
FNDA:2,(anonymous_0)
FNDA:2,(anonymous_1)
DA:20,2
DA:24,2
DA:25,2
DA:26,2
DA:30,2
DA:31,2
DA:32,1
DA:34,2
DA:36,2
LF:9
LH:9
BRDA:28,0,0,1
BRDA:28,0,1,1
BRDA:31,1,0,1
BRDA:31,1,1,1
BRDA:34,2,0,1
BRDA:34,2,1,1
BRDA:41,3,0,1
BRDA:41,3,1,1
BRF:8
BRH:8
end_of_record
